{"/home/soraka/ltuc/401/labs/api-server/lib/server.js": {"path":"/home/soraka/ltuc/401/labs/api-server/lib/server.js","statementMap":{"0":{"start":{"line":1,"column":16},"end":{"line":1,"column":34}},"1":{"start":{"line":2,"column":18},"end":{"line":2,"column":52}},"2":{"start":{"line":3,"column":15},"end":{"line":3,"column":46}},"3":{"start":{"line":4,"column":24},"end":{"line":4,"column":52}},"4":{"start":{"line":5,"column":21},"end":{"line":5,"column":49}},"5":{"start":{"line":7,"column":12},"end":{"line":7,"column":21}},"6":{"start":{"line":9,"column":0},"end":{"line":9,"column":24}},"7":{"start":{"line":10,"column":0},"end":{"line":10,"column":19}},"8":{"start":{"line":11,"column":0},"end":{"line":11,"column":16}},"9":{"start":{"line":13,"column":17},"end":{"line":13,"column":19}},"10":{"start":{"line":25,"column":0},"end":{"line":31,"column":3}},"11":{"start":{"line":26,"column":50},"end":{"line":26,"column":58}},"12":{"start":{"line":27,"column":18},"end":{"line":27,"column":57}},"13":{"start":{"line":28,"column":2},"end":{"line":28,"column":36}},"14":{"start":{"line":29,"column":2},"end":{"line":29,"column":25}},"15":{"start":{"line":30,"column":2},"end":{"line":30,"column":32}},"16":{"start":{"line":32,"column":0},"end":{"line":34,"column":3}},"17":{"start":{"line":33,"column":2},"end":{"line":33,"column":33}},"18":{"start":{"line":35,"column":0},"end":{"line":40,"column":3}},"19":{"start":{"line":37,"column":17},"end":{"line":37,"column":84}},"20":{"start":{"line":37,"column":44},"end":{"line":37,"column":83}},"21":{"start":{"line":39,"column":2},"end":{"line":39,"column":34}},"22":{"start":{"line":41,"column":0},"end":{"line":50,"column":3}},"23":{"start":{"line":42,"column":14},"end":{"line":42,"column":16}},"24":{"start":{"line":43,"column":2},"end":{"line":45,"column":5}},"25":{"start":{"line":44,"column":4},"end":{"line":44,"column":56}},"26":{"start":{"line":44,"column":46},"end":{"line":44,"column":56}},"27":{"start":{"line":46,"column":11},"end":{"line":46,"column":30}},"28":{"start":{"line":47,"column":2},"end":{"line":47,"column":29}},"29":{"start":{"line":48,"column":2},"end":{"line":48,"column":27}},"30":{"start":{"line":49,"column":2},"end":{"line":49,"column":40}},"31":{"start":{"line":52,"column":0},"end":{"line":61,"column":3}},"32":{"start":{"line":53,"column":18},"end":{"line":58,"column":4}},"33":{"start":{"line":54,"column":4},"end":{"line":57,"column":5}},"34":{"start":{"line":55,"column":6},"end":{"line":55,"column":40}},"35":{"start":{"line":56,"column":6},"end":{"line":56,"column":21}},"36":{"start":{"line":60,"column":2},"end":{"line":60,"column":32}},"37":{"start":{"line":72,"column":19},"end":{"line":72,"column":21}},"38":{"start":{"line":74,"column":0},"end":{"line":81,"column":3}},"39":{"start":{"line":75,"column":46},"end":{"line":75,"column":54}},"40":{"start":{"line":76,"column":19},"end":{"line":76,"column":54}},"41":{"start":{"line":77,"column":2},"end":{"line":77,"column":39}},"42":{"start":{"line":78,"column":2},"end":{"line":78,"column":28}},"43":{"start":{"line":80,"column":2},"end":{"line":80,"column":33}},"44":{"start":{"line":82,"column":0},"end":{"line":85,"column":3}},"45":{"start":{"line":84,"column":2},"end":{"line":84,"column":35}},"46":{"start":{"line":86,"column":0},"end":{"line":90,"column":3}},"47":{"start":{"line":87,"column":17},"end":{"line":87,"column":88}},"48":{"start":{"line":87,"column":47},"end":{"line":87,"column":87}},"49":{"start":{"line":89,"column":2},"end":{"line":89,"column":34}},"50":{"start":{"line":91,"column":0},"end":{"line":100,"column":3}},"51":{"start":{"line":92,"column":14},"end":{"line":92,"column":16}},"52":{"start":{"line":93,"column":2},"end":{"line":95,"column":5}},"53":{"start":{"line":94,"column":4},"end":{"line":94,"column":56}},"54":{"start":{"line":94,"column":46},"end":{"line":94,"column":56}},"55":{"start":{"line":96,"column":11},"end":{"line":96,"column":32}},"56":{"start":{"line":97,"column":2},"end":{"line":97,"column":31}},"57":{"start":{"line":98,"column":2},"end":{"line":98,"column":29}},"58":{"start":{"line":99,"column":2},"end":{"line":99,"column":42}},"59":{"start":{"line":101,"column":0},"end":{"line":110,"column":3}},"60":{"start":{"line":102,"column":18},"end":{"line":107,"column":4}},"61":{"start":{"line":103,"column":4},"end":{"line":106,"column":5}},"62":{"start":{"line":104,"column":6},"end":{"line":104,"column":42}},"63":{"start":{"line":105,"column":6},"end":{"line":105,"column":22}},"64":{"start":{"line":109,"column":2},"end":{"line":109,"column":32}},"65":{"start":{"line":113,"column":0},"end":{"line":115,"column":3}},"66":{"start":{"line":114,"column":2},"end":{"line":114,"column":34}},"67":{"start":{"line":117,"column":0},"end":{"line":117,"column":30}},"68":{"start":{"line":119,"column":0},"end":{"line":119,"column":22}},"69":{"start":{"line":120,"column":0},"end":{"line":128,"column":2}},"70":{"start":{"line":123,"column":4},"end":{"line":126,"column":7}},"71":{"start":{"line":124,"column":19},"end":{"line":124,"column":51}},"72":{"start":{"line":125,"column":6},"end":{"line":125,"column":52}}},"fnMap":{"0":{"name":"(anonymous_0)","decl":{"start":{"line":25,"column":29},"end":{"line":25,"column":30}},"loc":{"start":{"line":25,"column":43},"end":{"line":31,"column":1}},"line":25},"1":{"name":"(anonymous_1)","decl":{"start":{"line":32,"column":28},"end":{"line":32,"column":29}},"loc":{"start":{"line":32,"column":42},"end":{"line":34,"column":1}},"line":32},"2":{"name":"(anonymous_2)","decl":{"start":{"line":35,"column":32},"end":{"line":35,"column":33}},"loc":{"start":{"line":35,"column":46},"end":{"line":40,"column":1}},"line":35},"3":{"name":"(anonymous_3)","decl":{"start":{"line":37,"column":33},"end":{"line":37,"column":34}},"loc":{"start":{"line":37,"column":44},"end":{"line":37,"column":83}},"line":37},"4":{"name":"(anonymous_4)","decl":{"start":{"line":41,"column":32},"end":{"line":41,"column":33}},"loc":{"start":{"line":41,"column":46},"end":{"line":50,"column":1}},"line":41},"5":{"name":"(anonymous_5)","decl":{"start":{"line":43,"column":19},"end":{"line":43,"column":20}},"loc":{"start":{"line":43,"column":32},"end":{"line":45,"column":3}},"line":43},"6":{"name":"(anonymous_6)","decl":{"start":{"line":52,"column":35},"end":{"line":52,"column":36}},"loc":{"start":{"line":52,"column":49},"end":{"line":61,"column":1}},"line":52},"7":{"name":"(anonymous_7)","decl":{"start":{"line":53,"column":34},"end":{"line":53,"column":35}},"loc":{"start":{"line":53,"column":54},"end":{"line":58,"column":3}},"line":53},"8":{"name":"(anonymous_8)","decl":{"start":{"line":74,"column":31},"end":{"line":74,"column":32}},"loc":{"start":{"line":74,"column":45},"end":{"line":81,"column":1}},"line":74},"9":{"name":"(anonymous_9)","decl":{"start":{"line":82,"column":30},"end":{"line":82,"column":31}},"loc":{"start":{"line":82,"column":44},"end":{"line":85,"column":1}},"line":82},"10":{"name":"(anonymous_10)","decl":{"start":{"line":86,"column":34},"end":{"line":86,"column":35}},"loc":{"start":{"line":86,"column":48},"end":{"line":90,"column":1}},"line":86},"11":{"name":"(anonymous_11)","decl":{"start":{"line":87,"column":35},"end":{"line":87,"column":36}},"loc":{"start":{"line":87,"column":47},"end":{"line":87,"column":87}},"line":87},"12":{"name":"(anonymous_12)","decl":{"start":{"line":91,"column":34},"end":{"line":91,"column":35}},"loc":{"start":{"line":91,"column":48},"end":{"line":100,"column":1}},"line":91},"13":{"name":"(anonymous_13)","decl":{"start":{"line":93,"column":21},"end":{"line":93,"column":22}},"loc":{"start":{"line":93,"column":34},"end":{"line":95,"column":3}},"line":93},"14":{"name":"(anonymous_14)","decl":{"start":{"line":101,"column":37},"end":{"line":101,"column":38}},"loc":{"start":{"line":101,"column":51},"end":{"line":110,"column":1}},"line":101},"15":{"name":"(anonymous_15)","decl":{"start":{"line":102,"column":36},"end":{"line":102,"column":37}},"loc":{"start":{"line":102,"column":57},"end":{"line":107,"column":3}},"line":102},"16":{"name":"(anonymous_16)","decl":{"start":{"line":113,"column":16},"end":{"line":113,"column":17}},"loc":{"start":{"line":113,"column":30},"end":{"line":115,"column":1}},"line":113},"17":{"name":"(anonymous_17)","decl":{"start":{"line":122,"column":9},"end":{"line":122,"column":10}},"loc":{"start":{"line":122,"column":17},"end":{"line":127,"column":3}},"line":122},"18":{"name":"(anonymous_18)","decl":{"start":{"line":123,"column":21},"end":{"line":123,"column":22}},"loc":{"start":{"line":123,"column":27},"end":{"line":126,"column":5}},"line":123}},"branchMap":{"0":{"loc":{"start":{"line":44,"column":4},"end":{"line":44,"column":56}},"type":"if","locations":[{"start":{"line":44,"column":4},"end":{"line":44,"column":56}},{"start":{"line":44,"column":4},"end":{"line":44,"column":56}}],"line":44},"1":{"loc":{"start":{"line":54,"column":4},"end":{"line":57,"column":5}},"type":"if","locations":[{"start":{"line":54,"column":4},"end":{"line":57,"column":5}},{"start":{"line":54,"column":4},"end":{"line":57,"column":5}}],"line":54},"2":{"loc":{"start":{"line":94,"column":4},"end":{"line":94,"column":56}},"type":"if","locations":[{"start":{"line":94,"column":4},"end":{"line":94,"column":56}},{"start":{"line":94,"column":4},"end":{"line":94,"column":56}}],"line":94},"3":{"loc":{"start":{"line":103,"column":4},"end":{"line":106,"column":5}},"type":"if","locations":[{"start":{"line":103,"column":4},"end":{"line":106,"column":5}},{"start":{"line":103,"column":4},"end":{"line":106,"column":5}}],"line":103},"4":{"loc":{"start":{"line":124,"column":19},"end":{"line":124,"column":51}},"type":"binary-expr","locations":[{"start":{"line":124,"column":19},"end":{"line":124,"column":23}},{"start":{"line":124,"column":27},"end":{"line":124,"column":43}},{"start":{"line":124,"column":47},"end":{"line":124,"column":51}}],"line":124}},"s":{"0":4,"1":4,"2":4,"3":4,"4":4,"5":4,"6":4,"7":4,"8":4,"9":4,"10":4,"11":1,"12":1,"13":1,"14":1,"15":1,"16":4,"17":1,"18":4,"19":1,"20":0,"21":1,"22":4,"23":1,"24":1,"25":1,"26":1,"27":1,"28":1,"29":1,"30":1,"31":4,"32":1,"33":1,"34":1,"35":1,"36":1,"37":4,"38":4,"39":1,"40":1,"41":1,"42":1,"43":1,"44":4,"45":1,"46":4,"47":1,"48":0,"49":1,"50":4,"51":1,"52":1,"53":1,"54":1,"55":1,"56":1,"57":1,"58":1,"59":4,"60":1,"61":1,"62":1,"63":1,"64":1,"65":4,"66":1,"67":4,"68":4,"69":4,"70":0,"71":0,"72":0},"f":{"0":1,"1":1,"2":1,"3":0,"4":1,"5":1,"6":1,"7":1,"8":1,"9":1,"10":1,"11":0,"12":1,"13":1,"14":1,"15":1,"16":1,"17":0,"18":0},"b":{"0":[1,0],"1":[1,0],"2":[1,0],"3":[1,0],"4":[0,0,0]},"_coverageSchema":"1a1c01bbd47fc00a2c39e90264f33305004495a9","hash":"1b5c1b9650ecf60c6ab77deed6f8e4b657ca2479"}
,"/home/soraka/ltuc/401/labs/api-server/lib/middlewares/404.js": {"path":"/home/soraka/ltuc/401/labs/api-server/lib/middlewares/404.js","statementMap":{"0":{"start":{"line":2,"column":2},"end":{"line":2,"column":43}},"1":{"start":{"line":3,"column":2},"end":{"line":3,"column":52}},"2":{"start":{"line":6,"column":0},"end":{"line":6,"column":33}}},"fnMap":{"0":{"name":"notFoundHandler","decl":{"start":{"line":1,"column":9},"end":{"line":1,"column":24}},"loc":{"start":{"line":1,"column":41},"end":{"line":4,"column":1}},"line":1}},"branchMap":{},"s":{"0":1,"1":1,"2":4},"f":{"0":1},"b":{},"_coverageSchema":"1a1c01bbd47fc00a2c39e90264f33305004495a9","hash":"dbb4c0462db86cd680f1f93a2fc5a10b1e162a0b"}
,"/home/soraka/ltuc/401/labs/api-server/lib/middlewares/500.js": {"path":"/home/soraka/ltuc/401/labs/api-server/lib/middlewares/500.js","statementMap":{"0":{"start":{"line":2,"column":2},"end":{"line":2,"column":18}},"1":{"start":{"line":3,"column":2},"end":{"line":3,"column":40}},"2":{"start":{"line":4,"column":2},"end":{"line":4,"column":35}},"3":{"start":{"line":7,"column":0},"end":{"line":7,"column":30}}},"fnMap":{"0":{"name":"errorHandler","decl":{"start":{"line":1,"column":9},"end":{"line":1,"column":21}},"loc":{"start":{"line":1,"column":43},"end":{"line":5,"column":1}},"line":1}},"branchMap":{},"s":{"0":1,"1":1,"2":1,"3":4},"f":{"0":1},"b":{},"_coverageSchema":"1a1c01bbd47fc00a2c39e90264f33305004495a9","hash":"02ef2e09063983947a073fcc6ef57c27fcb12825"}
,"/home/soraka/ltuc/401/labs/api-server/lib/middlewares/logger.js": {"path":"/home/soraka/ltuc/401/labs/api-server/lib/middlewares/logger.js","statementMap":{"0":{"start":{"line":3,"column":0},"end":{"line":8,"column":2}},"1":{"start":{"line":4,"column":2},"end":{"line":4,"column":51}},"2":{"start":{"line":5,"column":2},"end":{"line":5,"column":31}},"3":{"start":{"line":7,"column":2},"end":{"line":7,"column":9}}},"fnMap":{"0":{"name":"(anonymous_0)","decl":{"start":{"line":3,"column":17},"end":{"line":3,"column":18}},"loc":{"start":{"line":3,"column":37},"end":{"line":8,"column":1}},"line":3}},"branchMap":{},"s":{"0":4,"1":12,"2":12,"3":12},"f":{"0":12},"b":{},"_coverageSchema":"1a1c01bbd47fc00a2c39e90264f33305004495a9","hash":"77f2b0b6949ec65bdfb3913de21f86346179d267"}
,"/home/soraka/ltuc/401/labs/api-server/lib/middlewares/timestamp.js": {"path":"/home/soraka/ltuc/401/labs/api-server/lib/middlewares/timestamp.js","statementMap":{"0":{"start":{"line":3,"column":2},"end":{"line":3,"column":46}},"1":{"start":{"line":4,"column":2},"end":{"line":4,"column":9}},"2":{"start":{"line":7,"column":0},"end":{"line":7,"column":27}}},"fnMap":{"0":{"name":"timestamp","decl":{"start":{"line":1,"column":9},"end":{"line":1,"column":18}},"loc":{"start":{"line":1,"column":35},"end":{"line":5,"column":1}},"line":1}},"branchMap":{},"s":{"0":15,"1":15,"2":6},"f":{"0":15},"b":{},"_coverageSchema":"1a1c01bbd47fc00a2c39e90264f33305004495a9","hash":"a590d8391a5150af569d68c0bb1b1379222e87d5"}
}
