TN:
SF:lib/server.js
FN:25,(anonymous_0)
FN:32,(anonymous_1)
FN:35,(anonymous_2)
FN:37,(anonymous_3)
FN:41,(anonymous_4)
FN:43,(anonymous_5)
FN:52,(anonymous_6)
FN:53,(anonymous_7)
FN:74,(anonymous_8)
FN:82,(anonymous_9)
FN:86,(anonymous_10)
FN:87,(anonymous_11)
FN:91,(anonymous_12)
FN:93,(anonymous_13)
FN:101,(anonymous_14)
FN:102,(anonymous_15)
FN:113,(anonymous_16)
FN:122,(anonymous_17)
FN:123,(anonymous_18)
FNF:19
FNH:15
FNDA:1,(anonymous_0)
FNDA:1,(anonymous_1)
FNDA:1,(anonymous_2)
FNDA:0,(anonymous_3)
FNDA:1,(anonymous_4)
FNDA:1,(anonymous_5)
FNDA:1,(anonymous_6)
FNDA:1,(anonymous_7)
FNDA:1,(anonymous_8)
FNDA:1,(anonymous_9)
FNDA:1,(anonymous_10)
FNDA:0,(anonymous_11)
FNDA:1,(anonymous_12)
FNDA:1,(anonymous_13)
FNDA:1,(anonymous_14)
FNDA:1,(anonymous_15)
FNDA:1,(anonymous_16)
FNDA:0,(anonymous_17)
FNDA:0,(anonymous_18)
DA:1,4
DA:2,4
DA:3,4
DA:4,4
DA:5,4
DA:7,4
DA:9,4
DA:10,4
DA:11,4
DA:13,4
DA:25,4
DA:26,1
DA:27,1
DA:28,1
DA:29,1
DA:30,1
DA:32,4
DA:33,1
DA:35,4
DA:37,1
DA:39,1
DA:41,4
DA:42,1
DA:43,1
DA:44,1
DA:46,1
DA:47,1
DA:48,1
DA:49,1
DA:52,4
DA:53,1
DA:54,1
DA:55,1
DA:56,1
DA:60,1
DA:72,4
DA:74,4
DA:75,1
DA:76,1
DA:77,1
DA:78,1
DA:80,1
DA:82,4
DA:84,1
DA:86,4
DA:87,1
DA:89,1
DA:91,4
DA:92,1
DA:93,1
DA:94,1
DA:96,1
DA:97,1
DA:98,1
DA:99,1
DA:101,4
DA:102,1
DA:103,1
DA:104,1
DA:105,1
DA:109,1
DA:113,4
DA:114,1
DA:117,4
DA:119,4
DA:120,4
DA:123,0
DA:124,0
DA:125,0
LF:69
LH:66
BRDA:44,0,0,1
BRDA:44,0,1,0
BRDA:54,1,0,1
BRDA:54,1,1,0
BRDA:94,2,0,1
BRDA:94,2,1,0
BRDA:103,3,0,1
BRDA:103,3,1,0
BRDA:124,4,0,0
BRDA:124,4,1,0
BRDA:124,4,2,0
BRF:11
BRH:4
end_of_record
TN:
SF:lib/middlewares/404.js
FN:1,notFoundHandler
FNF:1
FNH:1
FNDA:1,notFoundHandler
DA:2,1
DA:3,1
DA:6,4
LF:3
LH:3
BRF:0
BRH:0
end_of_record
TN:
SF:lib/middlewares/500.js
FN:1,errorHandler
FNF:1
FNH:1
FNDA:1,errorHandler
DA:2,1
DA:3,1
DA:4,1
DA:7,4
LF:4
LH:4
BRF:0
BRH:0
end_of_record
TN:
SF:lib/middlewares/logger.js
FN:3,(anonymous_0)
FNF:1
FNH:1
FNDA:12,(anonymous_0)
DA:3,4
DA:4,12
DA:5,12
DA:7,12
LF:4
LH:4
BRF:0
BRH:0
end_of_record
TN:
SF:lib/middlewares/timestamp.js
FN:1,timestamp
FNF:1
FNH:1
FNDA:15,timestamp
DA:3,15
DA:4,15
DA:7,6
LF:3
LH:3
BRF:0
BRH:0
end_of_record
